2024-12-31 15:55:25,770 INFO [root] [driver_utils.py:get_driver:13] - creat chrome driver
2024-12-31 15:55:34,481 INFO [root] [driver_utils.py:quit_driver:30] - chrome driver is still alive
2024-12-31 15:55:34,482 INFO [root] [driver_utils.py:get_driver:19] - use existed chrome driver
2024-12-31 15:55:51,613 INFO [root] [driver_utils.py:quit_driver:30] - chrome driver is still alive
2024-12-31 15:55:51,616 INFO [root] [driver_utils.py:get_driver:19] - use existed chrome driver
2024-12-31 15:56:08,695 INFO [root] [driver_utils.py:quit_driver:30] - chrome driver is still alive
2024-12-31 15:56:08,695 INFO [root] [driver_utils.py:get_driver:19] - use existed chrome driver
2024-12-31 15:56:09,012 INFO [root] [driver_utils.py:quit_driver:26] - quit chrome driver
2024-12-31 17:07:46,070 INFO [root] [driver_utils.py:get_driver:13] - creat chrome driver
2024-12-31 17:09:16,141 INFO [root] [driver_utils.py:get_driver:13] - creat chrome driver
2024-12-31 17:09:26,764 INFO [root] [test_1login.py:test_login:28] - login with ckfang.admin--123456
2024-12-31 17:09:42,653 INFO [root] [driver_utils.py:quit_driver:30] - chrome driver is still alive
2024-12-31 17:09:42,656 INFO [root] [driver_utils.py:get_driver:19] - use existed chrome driver
2024-12-31 17:09:55,707 INFO [root] [driver_utils.py:quit_driver:30] - chrome driver is still alive
2024-12-31 17:09:55,708 INFO [root] [driver_utils.py:get_driver:19] - use existed chrome driver
2024-12-31 17:10:05,416 INFO [root] [driver_utils.py:quit_driver:30] - chrome driver is still alive
2024-12-31 17:10:05,416 INFO [root] [driver_utils.py:get_driver:19] - use existed chrome driver
2024-12-31 17:10:05,528 INFO [root] [driver_utils.py:quit_driver:26] - quit chrome driver
2024-12-31 17:22:58,754 INFO [root] [driver_utils.py:get_driver:13] - creat chrome driver
2024-12-31 17:23:01,210 INFO [root] [test_1login.py:test_login:28] - login with ckfang.admin--123456--≤È—Ø
2024-12-31 17:23:07,609 INFO [root] [driver_utils.py:quit_driver:30] - chrome driver is still alive
2024-12-31 17:23:07,610 INFO [root] [driver_utils.py:get_driver:19] - use existed chrome driver
2024-12-31 17:23:16,907 INFO [root] [driver_utils.py:quit_driver:30] - chrome driver is still alive
2024-12-31 17:23:16,908 INFO [root] [driver_utils.py:get_driver:19] - use existed chrome driver
2024-12-31 17:23:26,381 INFO [root] [driver_utils.py:quit_driver:30] - chrome driver is still alive
2024-12-31 17:23:26,381 INFO [root] [driver_utils.py:get_driver:19] - use existed chrome driver
2024-12-31 17:23:26,516 INFO [root] [driver_utils.py:quit_driver:26] - quit chrome driver
2024-12-31 17:28:54,237 INFO [root] [driver_utils.py:get_driver:13] - creat chrome driver
2024-12-31 17:28:55,610 INFO [root] [test_1login.py:test_login:28] - login with ckfang.admin--123456--≤È—Ø
2024-12-31 17:29:01,859 INFO [root] [driver_utils.py:quit_driver:30] - chrome driver is still alive
2024-12-31 17:29:01,860 INFO [root] [driver_utils.py:get_driver:19] - use existed chrome driver
2024-12-31 17:29:06,056 INFO [root] [test_docuCenter.py:test_in_docuCenter:32] - waiting for 2 seconds
2024-12-31 17:29:11,493 INFO [root] [driver_utils.py:quit_driver:30] - chrome driver is still alive
2024-12-31 17:29:11,494 INFO [root] [driver_utils.py:get_driver:19] - use existed chrome driver
2024-12-31 17:29:20,955 INFO [root] [driver_utils.py:quit_driver:30] - chrome driver is still alive
2024-12-31 17:29:20,955 INFO [root] [driver_utils.py:get_driver:19] - use existed chrome driver
2024-12-31 17:29:21,085 INFO [root] [driver_utils.py:quit_driver:26] - quit chrome driver
2024-12-31 17:50:39,223 INFO [root] [driver_utils.py:get_driver:13] - creat chrome driver
2024-12-31 17:50:40,743 INFO [root] [test_1login.py:test_login:28] - login with ckfang.admin--123456--≤È—Ø
2024-12-31 17:50:47,093 INFO [root] [driver_utils.py:quit_driver:30] - chrome driver is still alive
2024-12-31 17:50:47,095 INFO [root] [driver_utils.py:get_driver:19] - use existed chrome driver
2024-12-31 17:50:51,287 INFO [root] [test_docuCenter.py:test_in_docuCenter:32] - waiting for 2 seconds
2024-12-31 17:50:56,651 INFO [root] [driver_utils.py:quit_driver:30] - chrome driver is still alive
2024-12-31 17:50:56,652 INFO [root] [driver_utils.py:get_driver:19] - use existed chrome driver
2024-12-31 17:51:06,163 INFO [root] [driver_utils.py:quit_driver:30] - chrome driver is still alive
2024-12-31 17:51:06,163 INFO [root] [driver_utils.py:get_driver:19] - use existed chrome driver
2024-12-31 17:51:06,290 INFO [root] [driver_utils.py:quit_driver:26] - quit chrome driver
